# JRE version: Java(TM) SE Runtime Environment (8.0_45-b14) (build 1.8.0_45-b14)
# Java VM: Java HotSpot(TM) 64-Bit Server VM (25.45-b02 mixed mode bsd-amd64 compressed oops)
Heap:
 PSYoungGen      total 70656K, used 27312K [0x0000000795580000, 0x000000079d580000, 0x00000007c0000000)
  eden space 61952K, 44% used [0x0000000795580000,0x000000079702c060,0x0000000799200000)
  from space 8704K, 0% used [0x0000000799b80000,0x0000000799b80000,0x000000079a400000)
  to   space 9728K, 0% used [0x0000000799200000,0x0000000799200000,0x0000000799b80000)
 ParOldGen       total 76288K, used 12026K [0x0000000740000000, 0x0000000744a80000, 0x0000000795580000)
  object space 76288K, 15% used [0x0000000740000000,0x0000000740bbe808,0x0000000744a80000)
 Metaspace       used 37811K, capacity 39316K, committed 39424K, reserved 1083392K
  class space    used 5508K, capacity 5817K, committed 5888K, reserved 1048576K
GC Heap History (10 events):
Event: 2.423 GC heap before
{Heap before GC invocations=4 (full 1):
 PSYoungGen      total 38400K, used 5108K [0x0000000795580000, 0x000000079a080000, 0x00000007c0000000)
  eden space 33280K, 0% used [0x0000000795580000,0x0000000795580000,0x0000000797600000)
  from space 5120K, 99% used [0x0000000797600000,0x0000000797afd3e0,0x0000000797b00000)
  to   space 5120K, 0% used [0x0000000799b80000,0x0000000799b80000,0x000000079a080000)
 ParOldGen       total 87552K, used 6187K [0x0000000740000000, 0x0000000745580000, 0x0000000795580000)
  object space 87552K, 7% used [0x0000000740000000,0x000000074060ac10,0x0000000745580000)
 Metaspace       used 20765K, capacity 21070K, committed 21248K, reserved 1067008K
  class space    used 2859K, capacity 2967K, committed 3072K, reserved 1048576K
Event: 2.474 GC heap after
Heap after GC invocations=4 (full 1):
 PSYoungGen      total 38400K, used 0K [0x0000000795580000, 0x000000079a080000, 0x00000007c0000000)
  eden space 33280K, 0% used [0x0000000795580000,0x0000000795580000,0x0000000797600000)
  from space 5120K, 0% used [0x0000000797600000,0x0000000797600000,0x0000000797b00000)
  to   space 5120K, 0% used [0x0000000799b80000,0x0000000799b80000,0x000000079a080000)
 ParOldGen       total 69120K, used 9293K [0x0000000740000000, 0x0000000744380000, 0x0000000795580000)
  object space 69120K, 13% used [0x0000000740000000,0x0000000740913428,0x0000000744380000)
 Metaspace       used 20765K, capacity 21070K, committed 21248K, reserved 1067008K
  class space    used 2859K, capacity 2967K, committed 3072K, reserved 1048576K
}
Event: 3.292 GC heap before
{Heap before GC invocations=5 (full 1):
 PSYoungGen      total 38400K, used 33280K [0x0000000795580000, 0x000000079a080000, 0x00000007c0000000)
  eden space 33280K, 100% used [0x0000000795580000,0x0000000797600000,0x0000000797600000)
  from space 5120K, 0% used [0x0000000797600000,0x0000000797600000,0x0000000797b00000)
  to   space 5120K, 0% used [0x0000000799b80000,0x0000000799b80000,0x000000079a080000)
 ParOldGen       total 69120K, used 9293K [0x0000000740000000, 0x0000000744380000, 0x0000000795580000)
  object space 69120K, 13% used [0x0000000740000000,0x0000000740913428,0x0000000744380000)
 Metaspace       used 28824K, capacity 29342K, committed 29696K, reserved 1075200K
  class space    used 4133K, capacity 4299K, committed 4352K, reserved 1048576K
Event: 3.300 GC heap after
Heap after GC invocations=5 (full 1):
 PSYoungGen      total 50688K, used 5103K [0x0000000795580000, 0x000000079a080000, 0x00000007c0000000)
  eden space 45568K, 0% used [0x0000000795580000,0x0000000795580000,0x0000000798200000)
  from space 5120K, 99% used [0x0000000799b80000,0x000000079a07bde8,0x000000079a080000)
  to   space 5120K, 0% used [0x0000000799680000,0x0000000799680000,0x0000000799b80000)
 ParOldGen       total 69120K, used 10229K [0x0000000740000000, 0x0000000744380000, 0x0000000795580000)
  object space 69120K, 14% used [0x0000000740000000,0x00000007409fd4b8,0x0000000744380000)
 Metaspace       used 28824K, capacity 29342K, committed 29696K, reserved 1075200K
  class space    used 4133K, capacity 4299K, committed 4352K, reserved 1048576K
}
Event: 10.824 GC heap before
{Heap before GC invocations=6 (full 1):
 PSYoungGen      total 50688K, used 50671K [0x0000000795580000, 0x000000079a080000, 0x00000007c0000000)
  eden space 45568K, 100% used [0x0000000795580000,0x0000000798200000,0x0000000798200000)
  from space 5120K, 99% used [0x0000000799b80000,0x000000079a07bde8,0x000000079a080000)
  to   space 5120K, 0% used [0x0000000799680000,0x0000000799680000,0x0000000799b80000)
 ParOldGen       total 69120K, used 10229K [0x0000000740000000, 0x0000000744380000, 0x0000000795580000)
  object space 69120K, 14% used [0x0000000740000000,0x00000007409fd4b8,0x0000000744380000)
 Metaspace       used 34411K, capacity 35308K, committed 35416K, reserved 1079296K
  class space    used 5035K, capacity 5291K, committed 5376K, reserved 1048576K
Event: 10.835 GC heap after
Heap after GC invocations=6 (full 1):
 PSYoungGen      total 65024K, used 5118K [0x0000000795580000, 0x000000079a400000, 0x00000007c0000000)
  eden space 59904K, 0% used [0x0000000795580000,0x0000000795580000,0x0000000799000000)
  from space 5120K, 99% used [0x0000000799680000,0x0000000799b7fad0,0x0000000799b80000)
  to   space 8704K, 0% used [0x0000000799b80000,0x0000000799b80000,0x000000079a400000)
 ParOldGen       total 69120K, used 11742K [0x0000000740000000, 0x0000000744380000, 0x0000000795580000)
  object space 69120K, 16% used [0x0000000740000000,0x0000000740b77b78,0x0000000744380000)
 Metaspace       used 34411K, capacity 35308K, committed 35416K, reserved 1079296K
  class space    used 5035K, capacity 5291K, committed 5376K, reserved 1048576K
}
Event: 10.840 GC heap before
{Heap before GC invocations=7 (full 1):
 PSYoungGen      total 65024K, used 5852K [0x0000000795580000, 0x000000079a400000, 0x00000007c0000000)
  eden space 59904K, 1% used [0x0000000795580000,0x00000007956375c8,0x0000000799000000)
  from space 5120K, 99% used [0x0000000799680000,0x0000000799b7fad0,0x0000000799b80000)
  to   space 8704K, 0% used [0x0000000799b80000,0x0000000799b80000,0x000000079a400000)
 ParOldGen       total 69120K, used 11742K [0x0000000740000000, 0x0000000744380000, 0x0000000795580000)
  object space 69120K, 16% used [0x0000000740000000,0x0000000740b77b78,0x0000000744380000)
 Metaspace       used 34454K, capacity 35308K, committed 35416K, reserved 1079296K
  class space    used 5040K, capacity 5291K, committed 5376K, reserved 1048576K
Event: 10.844 GC heap after
Heap after GC invocations=7 (full 1):
 PSYoungGen      total 70656K, used 5073K [0x0000000795580000, 0x000000079d580000, 0x00000007c0000000)
  eden space 61952K, 0% used [0x0000000795580000,0x0000000795580000,0x0000000799200000)
  from space 8704K, 58% used [0x0000000799b80000,0x000000079a074570,0x000000079a400000)
  to   space 9728K, 0% used [0x0000000799200000,0x0000000799200000,0x0000000799b80000)
 ParOldGen       total 69120K, used 11750K [0x0000000740000000, 0x0000000744380000, 0x0000000795580000)
  object space 69120K, 17% used [0x0000000740000000,0x0000000740b79b78,0x0000000744380000)
 Metaspace       used 34454K, capacity 35308K, committed 35416K, reserved 1079296K
  class space    used 5040K, capacity 5291K, committed 5376K, reserved 1048576K
}
Event: 10.844 GC heap before
{Heap before GC invocations=8 (full 2):
 PSYoungGen      total 70656K, used 5073K [0x0000000795580000, 0x000000079d580000, 0x00000007c0000000)
  eden space 61952K, 0% used [0x0000000795580000,0x0000000795580000,0x0000000799200000)
  from space 8704K, 58% used [0x0000000799b80000,0x000000079a074570,0x000000079a400000)
  to   space 9728K, 0% used [0x0000000799200000,0x0000000799200000,0x0000000799b80000)
 ParOldGen       total 69120K, used 11750K [0x0000000740000000, 0x0000000744380000, 0x0000000795580000)
  object space 69120K, 17% used [0x0000000740000000,0x0000000740b79b78,0x0000000744380000)
 Metaspace       used 34454K, capacity 35308K, committed 35416K, reserved 1079296K
  class space    used 5040K, capacity 5291K, committed 5376K, reserved 1048576K
Event: 10.896 GC heap after
Heap after GC invocations=8 (full 2):
 PSYoungGen      total 70656K, used 0K [0x0000000795580000, 0x000000079d580000, 0x00000007c0000000)
  eden space 61952K, 0% used [0x0000000795580000,0x0000000795580000,0x0000000799200000)
  from space 8704K, 0% used [0x0000000799b80000,0x0000000799b80000,0x000000079a400000)
  to   space 9728K, 0% used [0x0000000799200000,0x0000000799200000,0x0000000799b80000)
 ParOldGen       total 76288K, used 12026K [0x0000000740000000, 0x0000000744a80000, 0x0000000795580000)
  object space 76288K, 15% used [0x0000000740000000,0x0000000740bbe808,0x0000000744a80000)
 Metaspace       used 34454K, capacity 35308K, committed 35416K, reserved 1079296K
  class space    used 5040K, capacity 5291K, committed 5376K, reserved 1048576K
}

