# JRE version: Java(TM) SE Runtime Environment (8.0_45-b14) (build 1.8.0_45-b14)
# Java VM: Java HotSpot(TM) 64-Bit Server VM (25.45-b02 mixed mode bsd-amd64 compressed oops)
Heap:
 PSYoungGen      total 101888K, used 17502K [0x0000000795580000, 0x000000079e180000, 0x00000007c0000000)
  eden space 96768K, 12% used [0x0000000795580000,0x000000079619dbd0,0x000000079b400000)
  from space 5120K, 99% used [0x000000079dc80000,0x000000079e179c48,0x000000079e180000)
  to   space 5120K, 0% used [0x000000079d780000,0x000000079d780000,0x000000079dc80000)
 ParOldGen       total 66048K, used 12202K [0x0000000740000000, 0x0000000744080000, 0x0000000795580000)
  object space 66048K, 18% used [0x0000000740000000,0x0000000740beaaf8,0x0000000744080000)
 Metaspace       used 33401K, capacity 34184K, committed 34432K, reserved 1079296K
  class space    used 4937K, capacity 5127K, committed 5248K, reserved 1048576K
GC Heap History (10 events):
Event: 0.712 GC heap before
{Heap before GC invocations=1 (full 0):
 PSYoungGen      total 38400K, used 33280K [0x0000000795580000, 0x0000000798000000, 0x00000007c0000000)
  eden space 33280K, 100% used [0x0000000795580000,0x0000000797600000,0x0000000797600000)
  from space 5120K, 0% used [0x0000000797b00000,0x0000000797b00000,0x0000000798000000)
  to   space 5120K, 0% used [0x0000000797600000,0x0000000797600000,0x0000000797b00000)
 ParOldGen       total 87552K, used 0K [0x0000000740000000, 0x0000000745580000, 0x0000000795580000)
  object space 87552K, 0% used [0x0000000740000000,0x0000000740000000,0x0000000745580000)
 Metaspace       used 7787K, capacity 8034K, committed 8192K, reserved 1056768K
  class space    used 881K, capacity 955K, committed 1024K, reserved 1048576K
Event: 0.723 GC heap after
Heap after GC invocations=1 (full 0):
 PSYoungGen      total 38400K, used 2722K [0x0000000795580000, 0x000000079a080000, 0x00000007c0000000)
  eden space 33280K, 0% used [0x0000000795580000,0x0000000795580000,0x0000000797600000)
  from space 5120K, 53% used [0x0000000797600000,0x00000007978a8860,0x0000000797b00000)
  to   space 5120K, 0% used [0x0000000799b80000,0x0000000799b80000,0x000000079a080000)
 ParOldGen       total 87552K, used 8K [0x0000000740000000, 0x0000000745580000, 0x0000000795580000)
  object space 87552K, 0% used [0x0000000740000000,0x0000000740002000,0x0000000745580000)
 Metaspace       used 7787K, capacity 8034K, committed 8192K, reserved 1056768K
  class space    used 881K, capacity 955K, committed 1024K, reserved 1048576K
}
Event: 1.725 GC heap before
{Heap before GC invocations=2 (full 0):
 PSYoungGen      total 38400K, used 36002K [0x0000000795580000, 0x000000079a080000, 0x00000007c0000000)
  eden space 33280K, 100% used [0x0000000795580000,0x0000000797600000,0x0000000797600000)
  from space 5120K, 53% used [0x0000000797600000,0x00000007978a8860,0x0000000797b00000)
  to   space 5120K, 0% used [0x0000000799b80000,0x0000000799b80000,0x000000079a080000)
 ParOldGen       total 87552K, used 8K [0x0000000740000000, 0x0000000745580000, 0x0000000795580000)
  object space 87552K, 0% used [0x0000000740000000,0x0000000740002000,0x0000000745580000)
 Metaspace       used 15829K, capacity 16132K, committed 16256K, reserved 1062912K
  class space    used 2026K, capacity 2134K, committed 2176K, reserved 1048576K
Event: 1.736 GC heap after
Heap after GC invocations=2 (full 0):
 PSYoungGen      total 71680K, used 5092K [0x0000000795580000, 0x000000079a080000, 0x00000007c0000000)
  eden space 66560K, 0% used [0x0000000795580000,0x0000000795580000,0x0000000799680000)
  from space 5120K, 99% used [0x0000000799b80000,0x000000079a079380,0x000000079a080000)
  to   space 5120K, 0% used [0x0000000799680000,0x0000000799680000,0x0000000799b80000)
 ParOldGen       total 87552K, used 1892K [0x0000000740000000, 0x0000000745580000, 0x0000000795580000)
  object space 87552K, 2% used [0x0000000740000000,0x00000007401d9148,0x0000000745580000)
 Metaspace       used 15829K, capacity 16132K, committed 16256K, reserved 1062912K
  class space    used 2026K, capacity 2134K, committed 2176K, reserved 1048576K
}
Event: 2.530 GC heap before
{Heap before GC invocations=3 (full 0):
 PSYoungGen      total 71680K, used 31823K [0x0000000795580000, 0x000000079a080000, 0x00000007c0000000)
  eden space 66560K, 40% used [0x0000000795580000,0x0000000796f9aa80,0x0000000799680000)
  from space 5120K, 99% used [0x0000000799b80000,0x000000079a079380,0x000000079a080000)
  to   space 5120K, 0% used [0x0000000799680000,0x0000000799680000,0x0000000799b80000)
 ParOldGen       total 87552K, used 1892K [0x0000000740000000, 0x0000000745580000, 0x0000000795580000)
  object space 87552K, 2% used [0x0000000740000000,0x00000007401d9148,0x0000000745580000)
 Metaspace       used 20780K, capacity 21070K, committed 21248K, reserved 1067008K
  class space    used 2860K, capacity 2967K, committed 3072K, reserved 1048576K
Event: 2.546 GC heap after
Heap after GC invocations=3 (full 0):
 PSYoungGen      total 71680K, used 5108K [0x0000000795580000, 0x000000079e180000, 0x00000007c0000000)
  eden space 66560K, 0% used [0x0000000795580000,0x0000000795580000,0x0000000799680000)
  from space 5120K, 99% used [0x0000000799680000,0x0000000799b7d3f0,0x0000000799b80000)
  to   space 5120K, 0% used [0x000000079dc80000,0x000000079dc80000,0x000000079e180000)
 ParOldGen       total 87552K, used 6200K [0x0000000740000000, 0x0000000745580000, 0x0000000795580000)
  object space 87552K, 7% used [0x0000000740000000,0x000000074060e268,0x0000000745580000)
 Metaspace       used 20780K, capacity 21070K, committed 21248K, reserved 1067008K
  class space    used 2860K, capacity 2967K, committed 3072K, reserved 1048576K
}
Event: 2.546 GC heap before
{Heap before GC invocations=4 (full 1):
 PSYoungGen      total 71680K, used 5108K [0x0000000795580000, 0x000000079e180000, 0x00000007c0000000)
  eden space 66560K, 0% used [0x0000000795580000,0x0000000795580000,0x0000000799680000)
  from space 5120K, 99% used [0x0000000799680000,0x0000000799b7d3f0,0x0000000799b80000)
  to   space 5120K, 0% used [0x000000079dc80000,0x000000079dc80000,0x000000079e180000)
 ParOldGen       total 87552K, used 6200K [0x0000000740000000, 0x0000000745580000, 0x0000000795580000)
  object space 87552K, 7% used [0x0000000740000000,0x000000074060e268,0x0000000745580000)
 Metaspace       used 20780K, capacity 21070K, committed 21248K, reserved 1067008K
  class space    used 2860K, capacity 2967K, committed 3072K, reserved 1048576K
Event: 2.590 GC heap after
Heap after GC invocations=4 (full 1):
 PSYoungGen      total 71680K, used 0K [0x0000000795580000, 0x000000079e180000, 0x00000007c0000000)
  eden space 66560K, 0% used [0x0000000795580000,0x0000000795580000,0x0000000799680000)
  from space 5120K, 0% used [0x0000000799680000,0x0000000799680000,0x0000000799b80000)
  to   space 5120K, 0% used [0x000000079dc80000,0x000000079dc80000,0x000000079e180000)
 ParOldGen       total 66048K, used 9326K [0x0000000740000000, 0x0000000744080000, 0x0000000795580000)
  object space 66048K, 14% used [0x0000000740000000,0x000000074091b808,0x0000000744080000)
 Metaspace       used 20780K, capacity 21070K, committed 21248K, reserved 1067008K
  class space    used 2860K, capacity 2967K, committed 3072K, reserved 1048576K
}
Event: 4.109 GC heap before
{Heap before GC invocations=5 (full 1):
 PSYoungGen      total 71680K, used 66560K [0x0000000795580000, 0x000000079e180000, 0x00000007c0000000)
  eden space 66560K, 100% used [0x0000000795580000,0x0000000799680000,0x0000000799680000)
  from space 5120K, 0% used [0x0000000799680000,0x0000000799680000,0x0000000799b80000)
  to   space 5120K, 0% used [0x000000079dc80000,0x000000079dc80000,0x000000079e180000)
 ParOldGen       total 66048K, used 9326K [0x0000000740000000, 0x0000000744080000, 0x0000000795580000)
  object space 66048K, 14% used [0x0000000740000000,0x000000074091b808,0x0000000744080000)
 Metaspace       used 30988K, capacity 31590K, committed 31872K, reserved 1077248K
  class space    used 4539K, capacity 4716K, committed 4736K, reserved 1048576K
Event: 4.126 GC heap after
Heap after GC invocations=5 (full 1):
 PSYoungGen      total 101888K, used 5095K [0x0000000795580000, 0x000000079e180000, 0x00000007c0000000)
  eden space 96768K, 0% used [0x0000000795580000,0x0000000795580000,0x000000079b400000)
  from space 5120K, 99% used [0x000000079dc80000,0x000000079e179c48,0x000000079e180000)
  to   space 5120K, 0% used [0x000000079d780000,0x000000079d780000,0x000000079dc80000)
 ParOldGen       total 66048K, used 12202K [0x0000000740000000, 0x0000000744080000, 0x0000000795580000)
  object space 66048K, 18% used [0x0000000740000000,0x0000000740beaaf8,0x0000000744080000)
 Metaspace       used 30988K, capacity 31590K, committed 31872K, reserved 1077248K
  class space    used 4539K, capacity 4716K, committed 4736K, reserved 1048576K
}

