# JRE version: Java(TM) SE Runtime Environment (8.0_45-b14) (build 1.8.0_45-b14)
# Java VM: Java HotSpot(TM) 64-Bit Server VM (25.45-b02 mixed mode bsd-amd64 compressed oops)
Heap:
 PSYoungGen      total 135680K, used 11940K [0x0000000795580000, 0x000000079eb00000, 0x00000007c0000000)
  eden space 130560K, 9% used [0x0000000795580000,0x0000000796129198,0x000000079d500000)
  from space 5120K, 0% used [0x000000079d780000,0x000000079d780000,0x000000079dc80000)
  to   space 11264K, 0% used [0x000000079e000000,0x000000079e000000,0x000000079eb00000)
 ParOldGen       total 101888K, used 12469K [0x0000000740000000, 0x0000000746380000, 0x0000000795580000)
  object space 101888K, 12% used [0x0000000740000000,0x0000000740c2d650,0x0000000746380000)
 Metaspace       used 35329K, capacity 36298K, committed 36440K, reserved 1081344K
  class space    used 5191K, capacity 5448K, committed 5504K, reserved 1048576K
GC Heap History (10 events):
Event: 3.001 GC heap before
{Heap before GC invocations=3 (full 0):
 PSYoungGen      total 71680K, used 30647K [0x0000000795580000, 0x000000079a080000, 0x00000007c0000000)
  eden space 66560K, 38% used [0x0000000795580000,0x0000000796e74898,0x0000000799680000)
  from space 5120K, 99% used [0x0000000799b80000,0x000000079a079380,0x000000079a080000)
  to   space 5120K, 0% used [0x0000000799680000,0x0000000799680000,0x0000000799b80000)
 ParOldGen       total 87552K, used 1930K [0x0000000740000000, 0x0000000745580000, 0x0000000795580000)
  object space 87552K, 2% used [0x0000000740000000,0x00000007401e2988,0x0000000745580000)
 Metaspace       used 20789K, capacity 21070K, committed 21248K, reserved 1067008K
  class space    used 2859K, capacity 2967K, committed 3072K, reserved 1048576K
Event: 3.014 GC heap after
Heap after GC invocations=3 (full 0):
 PSYoungGen      total 71680K, used 5108K [0x0000000795580000, 0x000000079e180000, 0x00000007c0000000)
  eden space 66560K, 0% used [0x0000000795580000,0x0000000795580000,0x0000000799680000)
  from space 5120K, 99% used [0x0000000799680000,0x0000000799b7d3d0,0x0000000799b80000)
  to   space 5120K, 0% used [0x000000079dc80000,0x000000079dc80000,0x000000079e180000)
 ParOldGen       total 87552K, used 6233K [0x0000000740000000, 0x0000000745580000, 0x0000000795580000)
  object space 87552K, 7% used [0x0000000740000000,0x0000000740616610,0x0000000745580000)
 Metaspace       used 20789K, capacity 21070K, committed 21248K, reserved 1067008K
  class space    used 2859K, capacity 2967K, committed 3072K, reserved 1048576K
}
Event: 3.014 GC heap before
{Heap before GC invocations=4 (full 1):
 PSYoungGen      total 71680K, used 5108K [0x0000000795580000, 0x000000079e180000, 0x00000007c0000000)
  eden space 66560K, 0% used [0x0000000795580000,0x0000000795580000,0x0000000799680000)
  from space 5120K, 99% used [0x0000000799680000,0x0000000799b7d3d0,0x0000000799b80000)
  to   space 5120K, 0% used [0x000000079dc80000,0x000000079dc80000,0x000000079e180000)
 ParOldGen       total 87552K, used 6233K [0x0000000740000000, 0x0000000745580000, 0x0000000795580000)
  object space 87552K, 7% used [0x0000000740000000,0x0000000740616610,0x0000000745580000)
 Metaspace       used 20789K, capacity 21070K, committed 21248K, reserved 1067008K
  class space    used 2859K, capacity 2967K, committed 3072K, reserved 1048576K
Event: 3.058 GC heap after
Heap after GC invocations=4 (full 1):
 PSYoungGen      total 71680K, used 0K [0x0000000795580000, 0x000000079e180000, 0x00000007c0000000)
  eden space 66560K, 0% used [0x0000000795580000,0x0000000795580000,0x0000000799680000)
  from space 5120K, 0% used [0x0000000799680000,0x0000000799680000,0x0000000799b80000)
  to   space 5120K, 0% used [0x000000079dc80000,0x000000079dc80000,0x000000079e180000)
 ParOldGen       total 67584K, used 9331K [0x0000000740000000, 0x0000000744200000, 0x0000000795580000)
  object space 67584K, 13% used [0x0000000740000000,0x000000074091ce08,0x0000000744200000)
 Metaspace       used 20789K, capacity 21070K, committed 21248K, reserved 1067008K
  class space    used 2859K, capacity 2967K, committed 3072K, reserved 1048576K
}
Event: 4.615 GC heap before
{Heap before GC invocations=5 (full 1):
 PSYoungGen      total 71680K, used 66560K [0x0000000795580000, 0x000000079e180000, 0x00000007c0000000)
  eden space 66560K, 100% used [0x0000000795580000,0x0000000799680000,0x0000000799680000)
  from space 5120K, 0% used [0x0000000799680000,0x0000000799680000,0x0000000799b80000)
  to   space 5120K, 0% used [0x000000079dc80000,0x000000079dc80000,0x000000079e180000)
 ParOldGen       total 67584K, used 9331K [0x0000000740000000, 0x0000000744200000, 0x0000000795580000)
  object space 67584K, 13% used [0x0000000740000000,0x000000074091ce08,0x0000000744200000)
 Metaspace       used 30977K, capacity 31602K, committed 31872K, reserved 1077248K
  class space    used 4543K, capacity 4718K, committed 4736K, reserved 1048576K
Event: 4.634 GC heap after
Heap after GC invocations=5 (full 1):
 PSYoungGen      total 100352K, used 5111K [0x0000000795580000, 0x000000079e180000, 0x00000007c0000000)
  eden space 95232K, 0% used [0x0000000795580000,0x0000000795580000,0x000000079b280000)
  from space 5120K, 99% used [0x000000079dc80000,0x000000079e17dc58,0x000000079e180000)
  to   space 5120K, 0% used [0x000000079d780000,0x000000079d780000,0x000000079dc80000)
 ParOldGen       total 67584K, used 12074K [0x0000000740000000, 0x0000000744200000, 0x0000000795580000)
  object space 67584K, 17% used [0x0000000740000000,0x0000000740bca9a0,0x0000000744200000)
 Metaspace       used 30977K, capacity 31602K, committed 31872K, reserved 1077248K
  class space    used 4543K, capacity 4718K, committed 4736K, reserved 1048576K
}
Event: 9.453 GC heap before
{Heap before GC invocations=6 (full 1):
 PSYoungGen      total 100352K, used 19561K [0x0000000795580000, 0x000000079e180000, 0x00000007c0000000)
  eden space 95232K, 15% used [0x0000000795580000,0x000000079639c930,0x000000079b280000)
  from space 5120K, 99% used [0x000000079dc80000,0x000000079e17dc58,0x000000079e180000)
  to   space 5120K, 0% used [0x000000079d780000,0x000000079d780000,0x000000079dc80000)
 ParOldGen       total 67584K, used 12074K [0x0000000740000000, 0x0000000744200000, 0x0000000795580000)
  object space 67584K, 17% used [0x0000000740000000,0x0000000740bca9a0,0x0000000744200000)
 Metaspace       used 34305K, capacity 35152K, committed 35416K, reserved 1079296K
  class space    used 5023K, capacity 5217K, committed 5248K, reserved 1048576K
Event: 9.462 GC heap after
Heap after GC invocations=6 (full 1):
 PSYoungGen      total 135680K, used 5096K [0x0000000795580000, 0x000000079eb00000, 0x00000007c0000000)
  eden space 130560K, 0% used [0x0000000795580000,0x0000000795580000,0x000000079d500000)
  from space 5120K, 99% used [0x000000079d780000,0x000000079dc7a050,0x000000079dc80000)
  to   space 11264K, 0% used [0x000000079e000000,0x000000079e000000,0x000000079eb00000)
 ParOldGen       total 67584K, used 12746K [0x0000000740000000, 0x0000000744200000, 0x0000000795580000)
  object space 67584K, 18% used [0x0000000740000000,0x0000000740c729f0,0x0000000744200000)
 Metaspace       used 34305K, capacity 35152K, committed 35416K, reserved 1079296K
  class space    used 5023K, capacity 5217K, committed 5248K, reserved 1048576K
}
Event: 9.463 GC heap before
{Heap before GC invocations=7 (full 2):
 PSYoungGen      total 135680K, used 5096K [0x0000000795580000, 0x000000079eb00000, 0x00000007c0000000)
  eden space 130560K, 0% used [0x0000000795580000,0x0000000795580000,0x000000079d500000)
  from space 5120K, 99% used [0x000000079d780000,0x000000079dc7a050,0x000000079dc80000)
  to   space 11264K, 0% used [0x000000079e000000,0x000000079e000000,0x000000079eb00000)
 ParOldGen       total 67584K, used 12746K [0x0000000740000000, 0x0000000744200000, 0x0000000795580000)
  object space 67584K, 18% used [0x0000000740000000,0x0000000740c729f0,0x0000000744200000)
 Metaspace       used 34305K, capacity 35152K, committed 35416K, reserved 1079296K
  class space    used 5023K, capacity 5217K, committed 5248K, reserved 1048576K
Event: 9.532 GC heap after
Heap after GC invocations=7 (full 2):
 PSYoungGen      total 135680K, used 0K [0x0000000795580000, 0x000000079eb00000, 0x00000007c0000000)
  eden space 130560K, 0% used [0x0000000795580000,0x0000000795580000,0x000000079d500000)
  from space 5120K, 0% used [0x000000079d780000,0x000000079d780000,0x000000079dc80000)
  to   space 11264K, 0% used [0x000000079e000000,0x000000079e000000,0x000000079eb00000)
 ParOldGen       total 101888K, used 12469K [0x0000000740000000, 0x0000000746380000, 0x0000000795580000)
  object space 101888K, 12% used [0x0000000740000000,0x0000000740c2d650,0x0000000746380000)
 Metaspace       used 34305K, capacity 35152K, committed 35416K, reserved 1079296K
  class space    used 5023K, capacity 5217K, committed 5248K, reserved 1048576K
}

